Using pre-set license
Built from '2021.3/staging' branch; Version is '2021.3.10f1 (1c7d0df0160b) revision 1867021'; Using compiler version '192829333'; Build Type 'Release'
OS: 'Windows 11  (10.0.22621) 64bit CoreSingleLanguage' Language: 'en' Physical Memory: 7968 MB
BatchMode: 1, IsHumanControllingUs: 0, StartBugReporterOnCrash: 0, Is64bit: 1, IsPro: 1

COMMAND LINE ARGUMENTS:
C:\Users\HP PAVILION GAMING\Desktop\Varick\2021.3.10f1\Editor\Unity.exe
-adb2
-batchMode
-noUpm
-name
AssetImportWorker0
-projectPath
C:/Users/HP PAVILION GAMING/batch6
-logFile
Logs/AssetImportWorker0.log
-srvPort
55774
Successfully changed project path to: C:/Users/HP PAVILION GAMING/batch6
C:/Users/HP PAVILION GAMING/batch6
[UnityMemory] Configuration Parameters - Can be set up in boot.config
    "memorysetup-bucket-allocator-granularity=16"
    "memorysetup-bucket-allocator-bucket-count=8"
    "memorysetup-bucket-allocator-block-size=33554432"
    "memorysetup-bucket-allocator-block-count=8"
    "memorysetup-main-allocator-block-size=16777216"
    "memorysetup-thread-allocator-block-size=16777216"
    "memorysetup-gfx-main-allocator-block-size=16777216"
    "memorysetup-gfx-thread-allocator-block-size=16777216"
    "memorysetup-cache-allocator-block-size=4194304"
    "memorysetup-typetree-allocator-block-size=2097152"
    "memorysetup-profiler-bucket-allocator-granularity=16"
    "memorysetup-profiler-bucket-allocator-bucket-count=8"
    "memorysetup-profiler-bucket-allocator-block-size=33554432"
    "memorysetup-profiler-bucket-allocator-block-count=8"
    "memorysetup-profiler-allocator-block-size=16777216"
    "memorysetup-profiler-editor-allocator-block-size=1048576"
    "memorysetup-temp-allocator-size-main=16777216"
    "memorysetup-job-temp-allocator-block-size=2097152"
    "memorysetup-job-temp-allocator-block-size-background=1048576"
    "memorysetup-job-temp-allocator-reduction-small-platforms=262144"
    "memorysetup-temp-allocator-size-background-worker=32768"
    "memorysetup-temp-allocator-size-job-worker=262144"
    "memorysetup-temp-allocator-size-preload-manager=33554432"
    "memorysetup-temp-allocator-size-nav-mesh-worker=65536"
    "memorysetup-temp-allocator-size-audio-worker=65536"
    "memorysetup-temp-allocator-size-cloud-worker=32768"
    "memorysetup-temp-allocator-size-gi-baking-worker=262144"
    "memorysetup-temp-allocator-size-gfx=262144"
Refreshing native plugins compatible for Editor in 132.94 ms, found 3 plugins.
Preloading 0 native plugins for Editor in 0.00 ms.
Initialize engine version: 2021.3.10f1 (1c7d0df0160b)
[Subsystems] Discovering subsystems at path C:/Users/HP PAVILION GAMING/Desktop/Varick/2021.3.10f1/Editor/Data/Resources/UnitySubsystems
[Subsystems] Discovering subsystems at path C:/Users/HP PAVILION GAMING/batch6/Assets
GfxDevice: creating device client; threaded=0; jobified=0
Direct3D:
    Version:  Direct3D 11.0 [level 11.1]
    Renderer: NVIDIA GeForce GTX 1650 (ID=0x1f99)
    Vendor:   NVIDIA
    VRAM:     3950 MB
    Driver:   31.0.15.4626
Initialize mono
Mono path[0] = 'C:/Users/HP PAVILION GAMING/Desktop/Varick/2021.3.10f1/Editor/Data/Managed'
Mono path[1] = 'C:/Users/HP PAVILION GAMING/Desktop/Varick/2021.3.10f1/Editor/Data/MonoBleedingEdge/lib/mono/unityjit-win32'
Mono config path = 'C:/Users/HP PAVILION GAMING/Desktop/Varick/2021.3.10f1/Editor/Data/MonoBleedingEdge/etc'
Using monoOptions --debugger-agent=transport=dt_socket,embedding=1,server=y,suspend=n,address=127.0.0.1:56360
Begin MonoManager ReloadAssembly
Registering precompiled unity dll's ...
Register platform support module: C:/Users/HP PAVILION GAMING/Desktop/Varick/2021.3.10f1/Editor/Data/PlaybackEngines/WebGLSupport/UnityEditor.WebGL.Extensions.dll
Register platform support module: C:/Users/HP PAVILION GAMING/Desktop/Varick/2021.3.10f1/Editor/Data/PlaybackEngines/AndroidPlayer/UnityEditor.Android.Extensions.dll
Register platform support module: C:/Users/HP PAVILION GAMING/Desktop/Varick/2021.3.10f1/Editor/Data/PlaybackEngines/WindowsStandaloneSupport/UnityEditor.WindowsStandalone.Extensions.dll
Registered in 0.012710 seconds.
Native extension for WindowsStandalone target not found
Native extension for Android target not found
Native extension for WebGL target not found
Refreshing native plugins compatible for Editor in 128.64 ms, found 3 plugins.
Preloading 0 native plugins for Editor in 0.00 ms.
Mono: successfully reloaded assembly
- Completed reload, in  0.741 seconds
Domain Reload Profiling:
	ReloadAssembly (742ms)
		BeginReloadAssembly (111ms)
			ExecutionOrderSort (0ms)
			DisableScriptedObjects (0ms)
			BackupInstance (0ms)
			ReleaseScriptingObjects (0ms)
			CreateAndSetChildDomain (1ms)
		EndReloadAssembly (516ms)
			LoadAssemblies (110ms)
			RebuildTransferFunctionScriptingTraits (0ms)
			SetupTypeCache (109ms)
			ReleaseScriptCaches (0ms)
			RebuildScriptCaches (27ms)
			SetupLoadedEditorAssemblies (329ms)
				LogAssemblyErrors (0ms)
				InitializePlatformSupportModulesInManaged (62ms)
				SetLoadedEditorAssemblies (0ms)
				RefreshPlugins (129ms)
				BeforeProcessingInitializeOnLoad (2ms)
				ProcessInitializeOnLoadAttributes (93ms)
				ProcessInitializeOnLoadMethodAttributes (44ms)
				AfterProcessingInitializeOnLoad (0ms)
				EditorAssembliesLoaded (0ms)
			ExecutionOrderSort2 (0ms)
			AwakeInstancesAfterBackupRestoration (0ms)
Platform modules already initialized, skipping
Registering precompiled user dll's ...
Registered in 0.017559 seconds.
Begin MonoManager ReloadAssembly
Symbol file LoadedFromMemory doesn't match image C:\Users\HP PAVILION GAMING\batch6\Library\PackageCache\com.unity.visualscripting@1.7.8\Editor\VisualScripting.Core\Dependencies\YamlDotNet\Unity.VisualScripting.YamlDotNet.dll
Symbol file LoadedFromMemory doesn't match image C:\Users\HP PAVILION GAMING\batch6\Library\PackageCache\com.unity.visualscripting@1.7.8\Editor\VisualScripting.Core\Dependencies\DotNetZip\Unity.VisualScripting.IonicZip.dll
Native extension for WindowsStandalone target not found
Native extension for Android target not found
Native extension for WebGL target not found
Refreshing native plugins compatible for Editor in 126.91 ms, found 3 plugins.
Preloading 0 native plugins for Editor in 0.00 ms.
Mono: successfully reloaded assembly
- Completed reload, in  1.693 seconds
Domain Reload Profiling:
	ReloadAssembly (1694ms)
		BeginReloadAssembly (303ms)
			ExecutionOrderSort (0ms)
			DisableScriptedObjects (7ms)
			BackupInstance (0ms)
			ReleaseScriptingObjects (0ms)
			CreateAndSetChildDomain (143ms)
		EndReloadAssembly (1272ms)
			LoadAssemblies (177ms)
			RebuildTransferFunctionScriptingTraits (0ms)
			SetupTypeCache (348ms)
			ReleaseScriptCaches (2ms)
			RebuildScriptCaches (95ms)
			SetupLoadedEditorAssemblies (662ms)
				LogAssemblyErrors (0ms)
				InitializePlatformSupportModulesInManaged (16ms)
				SetLoadedEditorAssemblies (0ms)
				RefreshPlugins (127ms)
				BeforeProcessingInitializeOnLoad (134ms)
				ProcessInitializeOnLoadAttributes (284ms)
				ProcessInitializeOnLoadMethodAttributes (91ms)
				AfterProcessingInitializeOnLoad (10ms)
				EditorAssembliesLoaded (0ms)
			ExecutionOrderSort2 (0ms)
			AwakeInstancesAfterBackupRestoration (8ms)
Platform modules already initialized, skipping
========================================================================
Worker process is ready to serve import requests
Launched and connected shader compiler UnityShaderCompiler.exe after 0.05 seconds
Refreshing native plugins compatible for Editor in 1.37 ms, found 3 plugins.
Preloading 0 native plugins for Editor in 0.00 ms.
Unloading 5715 Unused Serialized files (Serialized files now loaded: 0)
Unloading 42 unused Assets / (1.7 MB). Loaded Objects now: 6170.
Memory consumption went from 225.3 MB to 223.5 MB.
Total: 5.004700 ms (FindLiveObjects: 0.490200 ms CreateObjectMapping: 0.576000 ms MarkObjects: 3.355800 ms  DeleteObjects: 0.581500 ms)

AssetImportParameters requested are different than current active one (requested -> active):
  custom:video-decoder-ogg-theora: a1e56fd34408186e4bbccfd4996cb3dc -> 
  custom:container-muxer-webm: aa71ff27fc2769a1b78a27578f13a17b -> 
  custom:container-demuxer-webm: 4f35f7cbe854078d1ac9338744f61a02 -> 
  custom:video-encoder-webm-vp8: eb34c28f22e8b96e1ab97ce403110664 -> 
  custom:video-codec-MediaFoundation-h265: 746d11721c4dcdbdad8f713fa42b33f4 -> 
  custom:audio-encoder-webm-vorbis: bf7c407c2cedff20999df2af8eb42d56 -> 
  custom:framework-win-MediaFoundation: 216162199b28c13a410421893ffa2e32 -> 
  custom:container-demuxer-ogg: 62fdf1f143b41e24485cea50d1cbac27 -> 
  custom:video-decoder-webm-vp8: 9c59270c3fd7afecdb556c50c9e8de78 -> 
  custom:audio-decoder-ogg-vorbis: bf7c407c2cedff20999df2af8eb42d56 -> 
========================================================================
Received Import Request.
  Time since last request: 689581.940844 seconds.
  path: Assets/TutorialInfo/Icons/URP.png
  artifactKey: Guid(727a75301c3d24613a3ebcec4a24c2c8) Importer(815301076,1909f56bfc062723c751e8b465ee728b)
Start importing Assets/TutorialInfo/Icons/URP.png using Guid(727a75301c3d24613a3ebcec4a24c2c8) Importer(815301076,1909f56bfc062723c751e8b465ee728b)  -> (artifact id: 'bd3a54b5d586e2a52af4e844fb2d730e') in 0.108164 seconds 
========================================================================
Received Import Request.
  Time since last request: 0.000018 seconds.
  path: Assets/healthbarcontroller.cs
  artifactKey: Guid(e76c579e3ea028a459089dbcd635461d) Importer(815301076,1909f56bfc062723c751e8b465ee728b)
Start importing Assets/healthbarcontroller.cs using Guid(e76c579e3ea028a459089dbcd635461d) Importer(815301076,1909f56bfc062723c751e8b465ee728b)  -> (artifact id: 'f973e77c057116b609631c508bdc2c09') in 0.005840 seconds 
========================================================================
Received Import Request.
  Time since last request: 0.068671 seconds.
  path: Assets/Player/skillcontroller.cs
  artifactKey: Guid(a71bc081376d8964a82999e1873c6b02) Importer(815301076,1909f56bfc062723c751e8b465ee728b)
Start importing Assets/Player/skillcontroller.cs using Guid(a71bc081376d8964a82999e1873c6b02) Importer(815301076,1909f56bfc062723c751e8b465ee728b)  -> (artifact id: 'e43efb20538ec19a182b5f31805e0d1e') in 0.002001 seconds 
========================================================================
Received Import Request.
  Time since last request: 0.012239 seconds.
  path: Assets/Player/buffs/buffcooldowncontroller.cs
  artifactKey: Guid(edf1c39e6b8990f49a543b7c4e16605b) Importer(815301076,1909f56bfc062723c751e8b465ee728b)
Start importing Assets/Player/buffs/buffcooldowncontroller.cs using Guid(edf1c39e6b8990f49a543b7c4e16605b) Importer(815301076,1909f56bfc062723c751e8b465ee728b)  -> (artifact id: '4f213058c8fb4f5346a81ca8ab035f05') in 0.002465 seconds 
========================================================================
Received Import Request.
  Time since last request: 0.002267 seconds.
  path: Assets/Map/enemyGenerator.cs
  artifactKey: Guid(cb824106ea9f8cf428b228c51c105a2b) Importer(815301076,1909f56bfc062723c751e8b465ee728b)
Start importing Assets/Map/enemyGenerator.cs using Guid(cb824106ea9f8cf428b228c51c105a2b) Importer(815301076,1909f56bfc062723c751e8b465ee728b)  -> (artifact id: '3ac149205758442ad2a96f5c2726a29c') in 0.001667 seconds 
========================================================================
Received Import Request.
  Time since last request: 0.007450 seconds.
  path: Assets/enemy/trapspider/enemytrapprophysic.cs
  artifactKey: Guid(60cebddc651252f4c964c3bd7d11a659) Importer(815301076,1909f56bfc062723c751e8b465ee728b)
Start importing Assets/enemy/trapspider/enemytrapprophysic.cs using Guid(60cebddc651252f4c964c3bd7d11a659) Importer(815301076,1909f56bfc062723c751e8b465ee728b)  -> (artifact id: '34165f99ba98832d2a6e3dd0cb290940') in 0.002031 seconds 
========================================================================
Received Import Request.
  Time since last request: 0.001752 seconds.
  path: Assets/uiskillhoverdetect.cs
  artifactKey: Guid(9b5ab1356f0766a47abf12159ddef473) Importer(815301076,1909f56bfc062723c751e8b465ee728b)
Start importing Assets/uiskillhoverdetect.cs using Guid(9b5ab1356f0766a47abf12159ddef473) Importer(815301076,1909f56bfc062723c751e8b465ee728b)  -> (artifact id: 'edffef08129aad48311450e76dab207b') in 0.001922 seconds 
========================================================================
Received Import Request.
  Time since last request: 0.000092 seconds.
  path: Assets/enemy/bossenemeu/boss_walk.cs
  artifactKey: Guid(e2f598d47a6568941b740d8482223988) Importer(815301076,1909f56bfc062723c751e8b465ee728b)
Start importing Assets/enemy/bossenemeu/boss_walk.cs using Guid(e2f598d47a6568941b740d8482223988) Importer(815301076,1909f56bfc062723c751e8b465ee728b)  -> (artifact id: '91a9ebe13ad0ecab52fe8f3a2f9aaff1') in 0.002081 seconds 
========================================================================
Received Import Request.
  Time since last request: 0.001971 seconds.
  path: Assets/Player/buffhit/hiteffectbuff.cs
  artifactKey: Guid(2e78a7927361ba949b094b9644d079d5) Importer(815301076,1909f56bfc062723c751e8b465ee728b)
Start importing Assets/Player/buffhit/hiteffectbuff.cs using Guid(2e78a7927361ba949b094b9644d079d5) Importer(815301076,1909f56bfc062723c751e8b465ee728b)  -> (artifact id: '66ec5b8d2172ac146099650be7cf9aa6') in 0.001962 seconds 
========================================================================
Received Import Request.
  Time since last request: 0.000020 seconds.
  path: Assets/Player/gun/crossbow/bulletphysic.cs
  artifactKey: Guid(a70a50b0ca83f414dbf35e57de6376cb) Importer(815301076,1909f56bfc062723c751e8b465ee728b)
Start importing Assets/Player/gun/crossbow/bulletphysic.cs using Guid(a70a50b0ca83f414dbf35e57de6376cb) Importer(815301076,1909f56bfc062723c751e8b465ee728b)  -> (artifact id: '6e6dddb49a11a097a871915efaed5887') in 0.001958 seconds 
========================================================================
Received Import Request.
  Time since last request: 0.005841 seconds.
  path: Assets/Player/weapons/sword/swordhitdetection.cs
  artifactKey: Guid(afd322014e1ddac4faf51763e204bda9) Importer(815301076,1909f56bfc062723c751e8b465ee728b)
Start importing Assets/Player/weapons/sword/swordhitdetection.cs using Guid(afd322014e1ddac4faf51763e204bda9) Importer(815301076,1909f56bfc062723c751e8b465ee728b)  -> (artifact id: 'c74fda4dea6b26f2e7b8d39e038b0654') in 0.002113 seconds 
========================================================================
Received Import Request.
  Time since last request: 0.007522 seconds.
  path: Assets/cooldowncontroller.cs
  artifactKey: Guid(986530e41ba38a74f83042f79ec5f587) Importer(815301076,1909f56bfc062723c751e8b465ee728b)
Start importing Assets/cooldowncontroller.cs using Guid(986530e41ba38a74f83042f79ec5f587) Importer(815301076,1909f56bfc062723c751e8b465ee728b)  -> (artifact id: '040823a5ab2538a267522d83b1ca3717') in 0.001840 seconds 
========================================================================
Received Import Request.
  Time since last request: 0.015249 seconds.
  path: Assets/Player/gun/gunscript.cs
  artifactKey: Guid(30031da79b1b34f4b81823ad26958c46) Importer(815301076,1909f56bfc062723c751e8b465ee728b)
Start importing Assets/Player/gun/gunscript.cs using Guid(30031da79b1b34f4b81823ad26958c46) Importer(815301076,1909f56bfc062723c751e8b465ee728b)  -> (artifact id: '47e3c4751de7021f8d93b005e04d633f') in 0.001889 seconds 
========================================================================
Received Import Request.
  Time since last request: 0.005144 seconds.
  path: Assets/menuscript.cs
  artifactKey: Guid(8466358ce93bf0b498436571090bb5e2) Importer(815301076,1909f56bfc062723c751e8b465ee728b)
Start importing Assets/menuscript.cs using Guid(8466358ce93bf0b498436571090bb5e2) Importer(815301076,1909f56bfc062723c751e8b465ee728b)  -> (artifact id: 'dd13eb4862b1c3d9f9bf590a97aa4744') in 0.001680 seconds 
========================================================================
Received Import Request.
  Time since last request: 0.003759 seconds.
  path: Assets/interactible/chest/chestcontroller.cs
  artifactKey: Guid(f08924c3c8e14a8439021981ec856b95) Importer(815301076,1909f56bfc062723c751e8b465ee728b)
Start importing Assets/interactible/chest/chestcontroller.cs using Guid(f08924c3c8e14a8439021981ec856b95) Importer(815301076,1909f56bfc062723c751e8b465ee728b)  -> (artifact id: '7b43748ed1da7dcbaa4ecbdd2532ef2a') in 0.002589 seconds 
